app/build/outputs/logs/manifest-merger-debug-report.txt
-- Merging decision tree log ---
manifest
ADDED from src/main/AndroidManifest.xml:2:1-65:12
	package
		ADDED from src/main/AndroidManifest.xml:3:5-41
		INJECTED from src/main/AndroidManifest.xml
		INJECTED from src/main/AndroidManifest.xml
	android:versionName
		INJECTED from src/main/AndroidManifest.xml
		INJECTED from src/main/AndroidManifest.xml
	xmlns:android
		ADDED from src/main/AndroidManifest.xml:2:11-69
	android:versionCode
		INJECTED from src/main/AndroidManifest.xml
		INJECTED from src/main/AndroidManifest.xml
application
ADDED from src/main/AndroidManifest.xml:5:5-63:19
MERGED from [com.android.support:cardview-v7:25.3.1] AndroidManifest.xml:26:5-20
MERGED from [com.miguelcatalan:materialsearchview:1.4.0] AndroidManifest.xml:11:5-20
MERGED from [com.android.support:design:25.3.1] AndroidManifest.xml:29:5-20
MERGED from [com.android.support:appcompat-v7:25.3.1] AndroidManifest.xml:29:5-20
MERGED from [com.android.support:animated-vector-drawable:25.3.1] AndroidManifest.xml:26:5-20
MERGED from [com.android.support:support-vector-drawable:25.3.1] AndroidManifest.xml:26:5-20
MERGED from [com.android.support:transition:25.3.1] AndroidManifest.xml:26:5-20
MERGED from [com.android.support:support-v4:25.3.1] AndroidManifest.xml:29:5-20
MERGED from [com.android.support:support-fragment:25.3.1] AndroidManifest.xml:29:5-20
MERGED from [com.android.support:support-media-compat:25.3.1] AndroidManifest.xml:29:5-20
MERGED from [com.android.support:support-core-ui:25.3.1] AndroidManifest.xml:29:5-20
MERGED from [com.android.support:support-core-utils:25.3.1] AndroidManifest.xml:29:5-20
MERGED from [com.android.support:support-compat:25.3.1] AndroidManifest.xml:29:5-20
	android:label
		ADDED from src/main/AndroidManifest.xml:8:9-41
	android:supportsRtl
		ADDED from src/main/AndroidManifest.xml:9:9-35
	android:allowBackup
		ADDED from src/main/AndroidManifest.xml:6:9-35
	android:icon
		ADDED from src/main/AndroidManifest.xml:7:9-43
	android:theme
		ADDED from src/main/AndroidManifest.xml:10:9-40
activity#ir.toptechnica.popupmenues.MainActivity
ADDED from src/main/AndroidManifest.xml:11:9-19:20
	android:name
		ADDED from src/main/AndroidManifest.xml:11:19-47
meta-data#android.app.default_searchable
ADDED from src/main/AndroidManifest.xml:16:13-18:58
	android:value
		ADDED from src/main/AndroidManifest.xml:18:17-55
	android:name
		ADDED from src/main/AndroidManifest.xml:17:17-62
activity#ir.toptechnica.popupmenues.DescriptionActivity
ADDED from src/main/AndroidManifest.xml:20:9-22:48
	android:theme
		ADDED from src/main/AndroidManifest.xml:22:13-45
	android:name
		ADDED from src/main/AndroidManifest.xml:21:13-48
activity#ir.toptechnica.popupmenues.DDXActivity
ADDED from src/main/AndroidManifest.xml:23:9-25:48
	android:theme
		ADDED from src/main/AndroidManifest.xml:25:13-45
	android:name
		ADDED from src/main/AndroidManifest.xml:24:13-40
activity#ir.toptechnica.popupmenues.IncidenceActivity
ADDED from src/main/AndroidManifest.xml:26:9-28:48
	android:theme
		ADDED from src/main/AndroidManifest.xml:28:13-45
	android:name
		ADDED from src/main/AndroidManifest.xml:27:13-46
activity#ir.toptechnica.popupmenues.InheritanceActivity
ADDED from src/main/AndroidManifest.xml:29:9-31:48
	android:theme
		ADDED from src/main/AndroidManifest.xml:31:13-45
	android:name
		ADDED from src/main/AndroidManifest.xml:30:13-48
activity#ir.toptechnica.popupmenues.ImagesActivity
ADDED from src/main/AndroidManifest.xml:32:9-34:48
	android:theme
		ADDED from src/main/AndroidManifest.xml:34:13-45
	android:name
		ADDED from src/main/AndroidManifest.xml:33:13-43
activity#ir.toptechnica.popupmenues.SearchResultsActivity
ADDED from src/main/AndroidManifest.xml:35:9-53:20
	android:name
		ADDED from src/main/AndroidManifest.xml:35:19-56
meta-data#android.app.searchable
ADDED from src/main/AndroidManifest.xml:50:13-52:54
	android:resource
		ADDED from src/main/AndroidManifest.xml:52:17-51
	android:name
		ADDED from src/main/AndroidManifest.xml:51:17-54
activity#ir.toptechnica.popupmenues.SyndromeList
ADDED from src/main/AndroidManifest.xml:54:9-62:20
	android:name
		ADDED from src/main/AndroidManifest.xml:54:19-47
intent-filter#android.intent.action.MAIN+android.intent.category.LAUNCHER
ADDED from src/main/AndroidManifest.xml:56:13-60:29
action#android.intent.action.MAIN
ADDED from src/main/AndroidManifest.xml:57:17-69
	android:name
		ADDED from src/main/AndroidManifest.xml:57:25-66
category#android.intent.category.LAUNCHER
ADDED from src/main/AndroidManifest.xml:59:17-77
	android:name
		ADDED from src/main/AndroidManifest.xml:59:27-74
uses-sdk
INJECTED from src/main/AndroidManifest.xml reason: use-sdk injection requested
MERGED from [com.android.support:cardview-v7:25.3.1] AndroidManifest.xml:20:5-43
MERGED from [com.miguelcatalan:materialsearchview:1.4.0] AndroidManifest.xml:7:5-9:41
MERGED from [com.android.support:design:25.3.1] AndroidManifest.xml:21:5-23:62
MERGED from [com.android.support:appcompat-v7:25.3.1] AndroidManifest.xml:21:5-23:78
MERGED from [com.android.support:animated-vector-drawable:25.3.1] AndroidManifest.xml:20:5-44
MERGED from [com.android.support:support-vector-drawable:25.3.1] AndroidManifest.xml:20:5-43
MERGED from [com.android.support:recyclerview-v7:25.3.1] AndroidManifest.xml:20:5-43
MERGED from [com.android.support:transition:25.3.1] AndroidManifest.xml:20:5-44
MERGED from [com.android.support:support-v4:25.3.1] AndroidManifest.xml:21:5-23:54
MERGED from [com.android.support:support-fragment:25.3.1] AndroidManifest.xml:21:5-23:60
MERGED from [com.android.support:support-media-compat:25.3.1] AndroidManifest.xml:21:5-23:63
MERGED from [com.android.support:support-core-ui:25.3.1] AndroidManifest.xml:21:5-23:58
MERGED from [com.android.support:support-core-utils:25.3.1] AndroidManifest.xml:21:5-23:61
MERGED from [com.android.support:support-compat:25.3.1] AndroidManifest.xml:21:5-23:58
	tools:overrideLibrary
		ADDED from [com.android.support:design:25.3.1] AndroidManifest.xml:23:9-59
	android:targetSdkVersion
		INJECTED from src/main/AndroidManifest.xml
		INJECTED from src/main/AndroidManifest.xml
	android:minSdkVersion
		INJECTED from src/main/AndroidManifest.xml
		INJECTED from src/main/AndroidManifest.xml
meta-data#android.support.VERSION
ADDED from [com.android.support:cardview-v7:25.3.1] AndroidManifest.xml:22:5-24:34
MERGED from [com.android.support:design:25.3.1] AndroidManifest.xml:25:5-27:34
MERGED from [com.android.support:appcompat-v7:25.3.1] AndroidManifest.xml:25:5-27:34
MERGED from [com.android.support:animated-vector-drawable:25.3.1] AndroidManifest.xml:22:5-24:34
MERGED from [com.android.support:support-vector-drawable:25.3.1] AndroidManifest.xml:22:5-24:34
MERGED from [com.android.support:recyclerview-v7:25.3.1] AndroidManifest.xml:22:5-24:34
MERGED from [com.android.support:transition:25.3.1] AndroidManifest.xml:22:5-24:34
MERGED from [com.android.support:support-v4:25.3.1] AndroidManifest.xml:25:5-27:34
MERGED from [com.android.support:support-fragment:25.3.1] AndroidManifest.xml:25:5-27:34
MERGED from [com.android.support:support-media-compat:25.3.1] AndroidManifest.xml:25:5-27:34
MERGED from [com.android.support:support-core-ui:25.3.1] AndroidManifest.xml:25:5-27:34
MERGED from [com.android.support:support-core-utils:25.3.1] AndroidManifest.xml:25:5-27:34
MERGED from [com.android.support:support-compat:25.3.1] AndroidManifest.xml:25:5-27:34
	android:value
		ADDED from [com.android.support:cardview-v7:25.3.1] AndroidManifest.xml:24:9-31
	android:name
		ADDED from [com.android.support:cardview-v7:25.3.1] AndroidManifest.xml:23:9-47